\BOOKMARK [1][-]{section.3}{\376\377\0001\000\040\000I\000n\000t\000r\000o\000d\000u\000c\000t\000i\000o\000n}{}% 1
\BOOKMARK [1][-]{section.4}{\376\377\0002\000\040\000P\000a\000g\000e\000\040\000S\000i\000z\000e\000\040\000a\000n\000d\000\040\000C\000o\000l\000u\000m\000n\000s}{}% 2
\BOOKMARK [1][-]{section.5}{\376\377\0003\000\040\000T\000y\000p\000e\000s\000e\000t\000\040\000T\000e\000x\000t}{}% 3
\BOOKMARK [2][-]{subsection.6}{\376\377\0003\000.\0001\000\040\000T\000i\000t\000l\000e\000\040\000a\000n\000d\000\040\000A\000u\000t\000h\000o\000r\000s}{section.5}% 4
\BOOKMARK [2][-]{subsection.7}{\376\377\0003\000.\0002\000\040\000A\000b\000s\000t\000r\000a\000c\000t\000\040\000a\000n\000d\000\040\000K\000e\000y\000w\000o\000r\000d\000s}{section.5}% 5
\BOOKMARK [2][-]{subsection.8}{\376\377\0003\000.\0003\000\040\000N\000o\000r\000m\000a\000l\000\040\000o\000r\000\040\000B\000o\000d\000y\000\040\000T\000e\000x\000t}{section.5}% 6
\BOOKMARK [2][-]{subsection.9}{\376\377\0003\000.\0004\000\040\000F\000i\000r\000s\000t\000\040\000P\000a\000g\000e\000\040\000C\000o\000p\000y\000r\000i\000g\000h\000t\000\040\000N\000o\000t\000i\000c\000e}{section.5}% 7
\BOOKMARK [2][-]{subsection.10}{\376\377\0003\000.\0005\000\040\000S\000u\000b\000s\000e\000q\000u\000e\000n\000t\000\040\000P\000a\000g\000e\000s}{section.5}% 8
\BOOKMARK [2][-]{subsection.11}{\376\377\0003\000.\0006\000\040\000R\000e\000f\000e\000r\000e\000n\000c\000e\000s\000\040\000a\000n\000d\000\040\000C\000i\000t\000a\000t\000i\000o\000n\000s}{section.5}% 9
\BOOKMARK [1][-]{section.13}{\376\377\0004\000\040\000S\000e\000c\000t\000i\000o\000n\000s}{}% 10
\BOOKMARK [2][-]{subsection.14}{\376\377\0004\000.\0001\000\040\000S\000u\000b\000s\000e\000c\000t\000i\000o\000n\000s}{section.13}% 11
\BOOKMARK [3][-]{subsubsection.15}{\376\377\0004\000.\0001\000.\0001\000\040\000S\000u\000b\000-\000s\000u\000b\000s\000e\000c\000t\000i\000o\000n\000s}{subsection.14}% 12
\BOOKMARK [1][-]{section.16}{\376\377\0005\000\040\000F\000i\000g\000u\000r\000e\000s\000/\000C\000a\000p\000t\000i\000o\000n\000s}{}% 13
\BOOKMARK [2][-]{subsection.17}{\376\377\0005\000.\0001\000\040\000I\000n\000s\000e\000r\000t\000i\000n\000g\000\040\000I\000m\000a\000g\000e\000s}{section.16}% 14
\BOOKMARK [1][-]{section.18}{\376\377\0006\000\040\000Q\000u\000o\000t\000a\000t\000i\000o\000n\000s}{}% 15
\BOOKMARK [1][-]{section.19}{\376\377\0007\000\040\000L\000a\000n\000g\000u\000a\000g\000e\000,\000\040\000S\000t\000y\000l\000e\000,\000\040\000a\000n\000d\000\040\000C\000o\000n\000t\000e\000n\000t}{}% 16
\BOOKMARK [1][-]{section.20}{\376\377\0008\000\040\000A\000c\000c\000e\000s\000s\000i\000b\000i\000l\000i\000t\000y}{}% 17
\BOOKMARK [1][-]{section.26}{\376\377\0009\000\040\000P\000a\000g\000e\000\040\000N\000u\000m\000b\000e\000r\000i\000n\000g\000,\000\040\000H\000e\000a\000d\000e\000r\000s\000\040\000a\000n\000d\000\040\000F\000o\000o\000t\000e\000r\000s}{}% 18
\BOOKMARK [1][-]{section.27}{\376\377\0001\0000\000\040\000P\000r\000o\000d\000u\000c\000i\000n\000g\000\040\000a\000n\000d\000\040\000T\000e\000s\000t\000i\000n\000g\000\040\000P\000D\000F\000\040\000F\000i\000l\000e\000s}{}% 19
\BOOKMARK [1][-]{section.28}{\376\377\0001\0001\000\040\000C\000o\000n\000c\000l\000u\000s\000i\000o\000n}{}% 20
\BOOKMARK [1][-]{section.29}{\376\377\0001\0002\000\040\000A\000c\000k\000n\000o\000w\000l\000e\000d\000g\000m\000e\000n\000t\000s}{}% 21
\BOOKMARK [1][-]{section.30}{\376\377\0001\0003\000\040\000R\000e\000f\000e\000r\000e\000n\000c\000e\000s\000\040\000F\000o\000r\000m\000a\000t}{}% 22
